mode: set
github.com/matzhouse/go-data-structures/list/list.go:24.22,26.2 1 1
github.com/matzhouse/go-data-structures/list/list.go:30.48,38.2 1 1
github.com/matzhouse/go-data-structures/list/list.go:42.58,54.48 4 1
github.com/matzhouse/go-data-structures/list/list.go:65.2,65.15 1 1
github.com/matzhouse/go-data-structures/list/list.go:54.48,63.3 2 1
github.com/matzhouse/go-data-structures/list/list.go:71.51,78.37 3 1
github.com/matzhouse/go-data-structures/list/list.go:85.2,85.10 1 1
github.com/matzhouse/go-data-structures/list/list.go:78.37,83.3 2 1
github.com/matzhouse/go-data-structures/list/list.go:91.53,102.2 2 1
github.com/matzhouse/go-data-structures/list/list.go:106.47,112.19 2 1
github.com/matzhouse/go-data-structures/list/list.go:119.2,119.45 1 1
github.com/matzhouse/go-data-structures/list/list.go:112.19,115.3 2 1
github.com/matzhouse/go-data-structures/list/list.go:119.45,121.20 1 1
github.com/matzhouse/go-data-structures/list/list.go:121.20,124.4 1 0
github.com/matzhouse/go-data-structures/list/list.go:131.66,133.15 1 1
github.com/matzhouse/go-data-structures/list/list.go:139.2,147.12 3 1
github.com/matzhouse/go-data-structures/list/list.go:133.15,135.3 1 1
github.com/matzhouse/go-data-structures/list/list.go:152.35,162.15 3 1
github.com/matzhouse/go-data-structures/list/list.go:170.2,170.12 1 1
github.com/matzhouse/go-data-structures/list/list.go:162.15,163.20 1 1
github.com/matzhouse/go-data-structures/list/list.go:167.3,167.13 1 1
github.com/matzhouse/go-data-structures/list/list.go:163.20,166.4 1 1
github.com/matzhouse/go-data-structures/list/list.go:176.49,179.19 1 1
github.com/matzhouse/go-data-structures/list/list.go:195.2,195.12 1 1
github.com/matzhouse/go-data-structures/list/list.go:179.19,187.41 2 1
github.com/matzhouse/go-data-structures/list/list.go:187.41,188.44 1 1
github.com/matzhouse/go-data-structures/list/list.go:188.44,190.5 1 1
